0 info it worked if it ends with ok
1 verbose cli [ '/Users/joshuaclayton/.nvm/versions/node/v6.7.0/bin/node',
1 verbose cli   '/Users/joshuaclayton/.nvm/versions/node/v6.7.0/bin/npm',
1 verbose cli   'run',
1 verbose cli   'package' ]
2 info using npm@3.10.3
3 info using node@v6.7.0
4 verbose run-script [ 'prepackage', 'package', 'postpackage' ]
5 info lifecycle timeline-app@0.1.0~prepackage: timeline-app@0.1.0
6 silly lifecycle timeline-app@0.1.0~prepackage: no script for prepackage, continuing
7 info lifecycle timeline-app@0.1.0~package: timeline-app@0.1.0
8 verbose lifecycle timeline-app@0.1.0~package: unsafe-perm in lifecycle true
9 verbose lifecycle timeline-app@0.1.0~package: PATH: /Users/joshuaclayton/.nvm/versions/node/v6.7.0/lib/node_modules/npm/bin/node-gyp-bin:/Users/joshuaclayton/dev/personal/timeline-app/node_modules/.bin:/Users/joshuaclayton/.nvm/versions/node/v6.7.0/bin:.git/safe/../../node_modules/.bin:.git/safe/../../bin:.git/safe/../../bin/stubs:/Users/joshuaclayton/.nvm/versions/node/v6.7.0/bin:/Users/joshuaclayton/.asdf/bin:/Users/joshuaclayton/.asdf/shims:/Users/joshuaclayton/.elmenv/shims:/Users/joshuaclayton/.elmenv/bin:/Users/joshuaclayton/.rbenv/shims:/Users/joshuaclayton/.dotfiles/bin:/Users/joshuaclayton/.local/bin:/Users/joshuaclayton/bin:/Users/joshuaclayton/.golang/bin:/usr/local/share/npm/bin:/usr/local/sbin:/usr/local/bin:/usr/bin:/bin:/usr/sbin:/sbin:/usr/texbin:/opt/X11/bin
10 verbose lifecycle timeline-app@0.1.0~package: CWD: /Users/joshuaclayton/dev/personal/timeline-app
11 silly lifecycle timeline-app@0.1.0~package: Args: [ '-c', 'electron-forge package' ]
12 silly lifecycle timeline-app@0.1.0~package: Returned: code: 1  signal: null
13 info lifecycle timeline-app@0.1.0~package: Failed to exec package script
14 verbose stack Error: timeline-app@0.1.0 package: `electron-forge package`
14 verbose stack Exit status 1
14 verbose stack     at EventEmitter.<anonymous> (/Users/joshuaclayton/.nvm/versions/node/v6.7.0/lib/node_modules/npm/lib/utils/lifecycle.js:242:16)
14 verbose stack     at emitTwo (events.js:106:13)
14 verbose stack     at EventEmitter.emit (events.js:191:7)
14 verbose stack     at ChildProcess.<anonymous> (/Users/joshuaclayton/.nvm/versions/node/v6.7.0/lib/node_modules/npm/lib/utils/spawn.js:40:14)
14 verbose stack     at emitTwo (events.js:106:13)
14 verbose stack     at ChildProcess.emit (events.js:191:7)
14 verbose stack     at maybeClose (internal/child_process.js:877:16)
14 verbose stack     at Process.ChildProcess._handle.onexit (internal/child_process.js:226:5)
15 verbose pkgid timeline-app@0.1.0
16 verbose cwd /Users/joshuaclayton/dev/personal/timeline-app
17 error Darwin 17.2.0
18 error argv "/Users/joshuaclayton/.nvm/versions/node/v6.7.0/bin/node" "/Users/joshuaclayton/.nvm/versions/node/v6.7.0/bin/npm" "run" "package"
19 error node v6.7.0
20 error npm  v3.10.3
21 error code ELIFECYCLE
22 error timeline-app@0.1.0 package: `electron-forge package`
22 error Exit status 1
23 error Failed at the timeline-app@0.1.0 package script 'electron-forge package'.
23 error Make sure you have the latest version of node.js and npm installed.
23 error If you do, this is most likely a problem with the timeline-app package,
23 error not with npm itself.
23 error Tell the author that this fails on your system:
23 error     electron-forge package
23 error You can get information on how to open an issue for this project with:
23 error     npm bugs timeline-app
23 error Or if that isn't available, you can get their info via:
23 error     npm owner ls timeline-app
23 error There is likely additional logging output above.
24 verbose exit [ 1, true ]
